2022-09-11 22:32:50.713  INFO 4160 --- [main] lavalink.server.Launcher                 : Starting Launcher using Java 1.8.0_341 on DESKTOP-Keminkium with PID 4160 (C:\Users\Karsten Keemink\Desktop\DiscordBot\DiscordBot\Lavalink.jar started by Karsten Keemink in C:\Users\Karsten Keemink\Desktop\DiscordBot\DiscordBot)
2022-09-11 22:32:50.715  INFO 4160 --- [main] lavalink.server.Launcher                 : No active profile set, falling back to 1 default profile: "default"
2022-09-11 22:32:51.433  INFO 4160 --- [main] lavalink.server.Launcher                 : Started Launcher in 1.033 seconds (JVM running for 1.36)
2022-09-11 22:32:51.434  INFO 4160 --- [main] lavalink.server.Launcher                 : You can safely ignore the big red warning about illegal reflection. See https://github.com/freyacodes/Lavalink/issues/295
2022-09-11 22:32:51.466 ERROR 4160 --- [main] lavalink.server.Launcher                 : Application failed

java.lang.UnsupportedClassVersionError: lavalink/server/info/AppInfo has been compiled by a more recent version of the Java Runtime (class file version 55.0), this version of the Java Runtime only recognizes class file versions up to 52.0
	at java.lang.ClassLoader.defineClass1(Native Method) ~[na:1.8.0_341]
	at java.lang.ClassLoader.defineClass(Unknown Source) ~[na:1.8.0_341]
	at java.security.SecureClassLoader.defineClass(Unknown Source) ~[na:1.8.0_341]
	at java.net.URLClassLoader.defineClass(Unknown Source) ~[na:1.8.0_341]
	at java.net.URLClassLoader.access$100(Unknown Source) ~[na:1.8.0_341]
	at java.net.URLClassLoader$1.run(Unknown Source) ~[na:1.8.0_341]
	at java.net.URLClassLoader$1.run(Unknown Source) ~[na:1.8.0_341]
	at java.security.AccessController.doPrivileged(Native Method) ~[na:1.8.0_341]
	at java.net.URLClassLoader.findClass(Unknown Source) ~[na:1.8.0_341]
	at java.lang.ClassLoader.loadClass(Unknown Source) ~[na:1.8.0_341]
	at org.springframework.boot.loader.LaunchedURLClassLoader.loadClass(LaunchedURLClassLoader.java:151) ~[Lavalink.jar:na]
	at java.lang.ClassLoader.loadClass(Unknown Source) ~[na:1.8.0_341]
	at lavalink.server.Launcher.getVersionInfo(Launcher.kt:63) ~[classes!/:na]
	at lavalink.server.Launcher.getVersionInfo$default(Launcher.kt:62) ~[classes!/:na]
	at lavalink.server.Launcher$launchMain$3.onApplicationEvent(Launcher.kt:149) ~[classes!/:na]
	at lavalink.server.Launcher$launchMain$3.onApplicationEvent(Launcher.kt:56) ~[classes!/:na]
	at org.springframework.context.event.SimpleApplicationEventMulticaster.doInvokeListener(SimpleApplicationEventMulticaster.java:176) ~[spring-context-5.3.18.jar!/:5.3.18]
	at org.springframework.context.event.SimpleApplicationEventMulticaster.invokeListener(SimpleApplicationEventMulticaster.java:169) ~[spring-context-5.3.18.jar!/:5.3.18]
	at org.springframework.context.event.SimpleApplicationEventMulticaster.multicastEvent(SimpleApplicationEventMulticaster.java:143) ~[spring-context-5.3.18.jar!/:5.3.18]
	at org.springframework.context.event.SimpleApplicationEventMulticaster.multicastEvent(SimpleApplicationEventMulticaster.java:131) ~[spring-context-5.3.18.jar!/:5.3.18]
	at org.springframework.boot.context.event.EventPublishingRunListener.environmentPrepared(EventPublishingRunListener.java:85) ~[spring-boot-2.6.6.jar!/:2.6.6]
	at org.springframework.boot.SpringApplicationRunListeners.lambda$environmentPrepared$2(SpringApplicationRunListeners.java:66) ~[spring-boot-2.6.6.jar!/:2.6.6]
	at java.util.ArrayList.forEach(Unknown Source) ~[na:1.8.0_341]
	at org.springframework.boot.SpringApplicationRunListeners.doWithListeners(SpringApplicationRunListeners.java:120) ~[spring-boot-2.6.6.jar!/:2.6.6]
	at org.springframework.boot.SpringApplicationRunListeners.doWithListeners(SpringApplicationRunListeners.java:114) ~[spring-boot-2.6.6.jar!/:2.6.6]
	at org.springframework.boot.SpringApplicationRunListeners.environmentPrepared(SpringApplicationRunListeners.java:65) ~[spring-boot-2.6.6.jar!/:2.6.6]
	at org.springframework.boot.SpringApplication.prepareEnvironment(SpringApplication.java:339) ~[spring-boot-2.6.6.jar!/:2.6.6]
	at org.springframework.boot.SpringApplication.run(SpringApplication.java:297) ~[spring-boot-2.6.6.jar!/:2.6.6]
	at org.springframework.boot.builder.SpringApplicationBuilder.run(SpringApplicationBuilder.java:164) ~[spring-boot-2.6.6.jar!/:2.6.6]
	at lavalink.server.Launcher.launchMain(Launcher.kt:157) ~[classes!/:na]
	at lavalink.server.Launcher.main(Launcher.kt:125) ~[classes!/:na]
	at sun.reflect.NativeMethodAccessorImpl.invoke0(Native Method) ~[na:1.8.0_341]
	at sun.reflect.NativeMethodAccessorImpl.invoke(Unknown Source) ~[na:1.8.0_341]
	at sun.reflect.DelegatingMethodAccessorImpl.invoke(Unknown Source) ~[na:1.8.0_341]
	at java.lang.reflect.Method.invoke(Unknown Source) ~[na:1.8.0_341]
	at org.springframework.boot.loader.MainMethodRunner.run(MainMethodRunner.java:49) ~[Lavalink.jar:na]
	at org.springframework.boot.loader.Launcher.launch(Launcher.java:108) ~[Lavalink.jar:na]
	at org.springframework.boot.loader.Launcher.launch(Launcher.java:58) ~[Lavalink.jar:na]
	at org.springframework.boot.loader.JarLauncher.main(JarLauncher.java:88) ~[Lavalink.jar:na]

2022-09-11 22:32:51.483 ERROR 4160 --- [main] o.s.boot.SpringApplication               : Application run failed

java.lang.UnsupportedClassVersionError: lavalink/server/info/AppInfo has been compiled by a more recent version of the Java Runtime (class file version 55.0), this version of the Java Runtime only recognizes class file versions up to 52.0
	at java.lang.ClassLoader.defineClass1(Native Method) ~[na:1.8.0_341]
	at java.lang.ClassLoader.defineClass(Unknown Source) ~[na:1.8.0_341]
	at java.security.SecureClassLoader.defineClass(Unknown Source) ~[na:1.8.0_341]
	at java.net.URLClassLoader.defineClass(Unknown Source) ~[na:1.8.0_341]
	at java.net.URLClassLoader.access$100(Unknown Source) ~[na:1.8.0_341]
	at java.net.URLClassLoader$1.run(Unknown Source) ~[na:1.8.0_341]
	at java.net.URLClassLoader$1.run(Unknown Source) ~[na:1.8.0_341]
	at java.security.AccessController.doPrivileged(Native Method) ~[na:1.8.0_341]
	at java.net.URLClassLoader.findClass(Unknown Source) ~[na:1.8.0_341]
	at java.lang.ClassLoader.loadClass(Unknown Source) ~[na:1.8.0_341]
	at org.springframework.boot.loader.LaunchedURLClassLoader.loadClass(LaunchedURLClassLoader.java:151) ~[Lavalink.jar:na]
	at java.lang.ClassLoader.loadClass(Unknown Source) ~[na:1.8.0_341]
	at lavalink.server.Launcher.getVersionInfo(Launcher.kt:63) [classes!/:na]
	at lavalink.server.Launcher.getVersionInfo$default(Launcher.kt:62) [classes!/:na]
	at lavalink.server.Launcher$launchMain$3.onApplicationEvent(Launcher.kt:149) ~[classes!/:na]
	at lavalink.server.Launcher$launchMain$3.onApplicationEvent(Launcher.kt:56) ~[classes!/:na]
	at org.springframework.context.event.SimpleApplicationEventMulticaster.doInvokeListener(SimpleApplicationEventMulticaster.java:176) ~[spring-context-5.3.18.jar!/:5.3.18]
	at org.springframework.context.event.SimpleApplicationEventMulticaster.invokeListener(SimpleApplicationEventMulticaster.java:169) ~[spring-context-5.3.18.jar!/:5.3.18]
	at org.springframework.context.event.SimpleApplicationEventMulticaster.multicastEvent(SimpleApplicationEventMulticaster.java:143) ~[spring-context-5.3.18.jar!/:5.3.18]
	at org.springframework.context.event.SimpleApplicationEventMulticaster.multicastEvent(SimpleApplicationEventMulticaster.java:131) ~[spring-context-5.3.18.jar!/:5.3.18]
	at org.springframework.boot.context.event.EventPublishingRunListener.environmentPrepared(EventPublishingRunListener.java:85) ~[spring-boot-2.6.6.jar!/:2.6.6]
	at org.springframework.boot.SpringApplicationRunListeners.lambda$environmentPrepared$2(SpringApplicationRunListeners.java:66) ~[spring-boot-2.6.6.jar!/:2.6.6]
	at java.util.ArrayList.forEach(Unknown Source) ~[na:1.8.0_341]
	at org.springframework.boot.SpringApplicationRunListeners.doWithListeners(SpringApplicationRunListeners.java:120) ~[spring-boot-2.6.6.jar!/:2.6.6]
	at org.springframework.boot.SpringApplicationRunListeners.doWithListeners(SpringApplicationRunListeners.java:114) ~[spring-boot-2.6.6.jar!/:2.6.6]
	at org.springframework.boot.SpringApplicationRunListeners.environmentPrepared(SpringApplicationRunListeners.java:65) ~[spring-boot-2.6.6.jar!/:2.6.6]
	at org.springframework.boot.SpringApplication.prepareEnvironment(SpringApplication.java:339) ~[spring-boot-2.6.6.jar!/:2.6.6]
	at org.springframework.boot.SpringApplication.run(SpringApplication.java:297) ~[spring-boot-2.6.6.jar!/:2.6.6]
	at org.springframework.boot.builder.SpringApplicationBuilder.run(SpringApplicationBuilder.java:164) [spring-boot-2.6.6.jar!/:2.6.6]
	at lavalink.server.Launcher.launchMain(Launcher.kt:157) [classes!/:na]
	at lavalink.server.Launcher.main(Launcher.kt:125) [classes!/:na]
	at sun.reflect.NativeMethodAccessorImpl.invoke0(Native Method) ~[na:1.8.0_341]
	at sun.reflect.NativeMethodAccessorImpl.invoke(Unknown Source) ~[na:1.8.0_341]
	at sun.reflect.DelegatingMethodAccessorImpl.invoke(Unknown Source) ~[na:1.8.0_341]
	at java.lang.reflect.Method.invoke(Unknown Source) ~[na:1.8.0_341]
	at org.springframework.boot.loader.MainMethodRunner.run(MainMethodRunner.java:49) [Lavalink.jar:na]
	at org.springframework.boot.loader.Launcher.launch(Launcher.java:108) [Lavalink.jar:na]
	at org.springframework.boot.loader.Launcher.launch(Launcher.java:58) [Lavalink.jar:na]
	at org.springframework.boot.loader.JarLauncher.main(JarLauncher.java:88) [Lavalink.jar:na]

2022-09-11 22:33:01.855  INFO 12588 --- [main] lavalink.server.Launcher                 : Starting Launcher using Java 1.8.0_341 on DESKTOP-Keminkium with PID 12588 (C:\Users\Karsten Keemink\Desktop\DiscordBot\DiscordBot\Lavalink.jar started by Karsten Keemink in C:\Users\Karsten Keemink\Desktop\DiscordBot\DiscordBot)
2022-09-11 22:33:01.857  INFO 12588 --- [main] lavalink.server.Launcher                 : No active profile set, falling back to 1 default profile: "default"
2022-09-11 22:33:02.483  INFO 12588 --- [main] lavalink.server.Launcher                 : Started Launcher in 0.92 seconds (JVM running for 1.241)
2022-09-11 22:33:02.484  INFO 12588 --- [main] lavalink.server.Launcher                 : You can safely ignore the big red warning about illegal reflection. See https://github.com/freyacodes/Lavalink/issues/295
2022-09-11 22:33:02.509 ERROR 12588 --- [main] lavalink.server.Launcher                 : Application failed

java.lang.UnsupportedClassVersionError: lavalink/server/info/AppInfo has been compiled by a more recent version of the Java Runtime (class file version 55.0), this version of the Java Runtime only recognizes class file versions up to 52.0
	at java.lang.ClassLoader.defineClass1(Native Method) ~[na:1.8.0_341]
	at java.lang.ClassLoader.defineClass(Unknown Source) ~[na:1.8.0_341]
	at java.security.SecureClassLoader.defineClass(Unknown Source) ~[na:1.8.0_341]
	at java.net.URLClassLoader.defineClass(Unknown Source) ~[na:1.8.0_341]
	at java.net.URLClassLoader.access$100(Unknown Source) ~[na:1.8.0_341]
	at java.net.URLClassLoader$1.run(Unknown Source) ~[na:1.8.0_341]
	at java.net.URLClassLoader$1.run(Unknown Source) ~[na:1.8.0_341]
	at java.security.AccessController.doPrivileged(Native Method) ~[na:1.8.0_341]
	at java.net.URLClassLoader.findClass(Unknown Source) ~[na:1.8.0_341]
	at java.lang.ClassLoader.loadClass(Unknown Source) ~[na:1.8.0_341]
	at org.springframework.boot.loader.LaunchedURLClassLoader.loadClass(LaunchedURLClassLoader.java:151) ~[Lavalink.jar:na]
	at java.lang.ClassLoader.loadClass(Unknown Source) ~[na:1.8.0_341]
	at lavalink.server.Launcher.getVersionInfo(Launcher.kt:63) ~[classes!/:na]
	at lavalink.server.Launcher.getVersionInfo$default(Launcher.kt:62) ~[classes!/:na]
	at lavalink.server.Launcher$launchMain$3.onApplicationEvent(Launcher.kt:149) ~[classes!/:na]
	at lavalink.server.Launcher$launchMain$3.onApplicationEvent(Launcher.kt:56) ~[classes!/:na]
	at org.springframework.context.event.SimpleApplicationEventMulticaster.doInvokeListener(SimpleApplicationEventMulticaster.java:176) ~[spring-context-5.3.18.jar!/:5.3.18]
	at org.springframework.context.event.SimpleApplicationEventMulticaster.invokeListener(SimpleApplicationEventMulticaster.java:169) ~[spring-context-5.3.18.jar!/:5.3.18]
	at org.springframework.context.event.SimpleApplicationEventMulticaster.multicastEvent(SimpleApplicationEventMulticaster.java:143) ~[spring-context-5.3.18.jar!/:5.3.18]
	at org.springframework.context.event.SimpleApplicationEventMulticaster.multicastEvent(SimpleApplicationEventMulticaster.java:131) ~[spring-context-5.3.18.jar!/:5.3.18]
	at org.springframework.boot.context.event.EventPublishingRunListener.environmentPrepared(EventPublishingRunListener.java:85) ~[spring-boot-2.6.6.jar!/:2.6.6]
	at org.springframework.boot.SpringApplicationRunListeners.lambda$environmentPrepared$2(SpringApplicationRunListeners.java:66) ~[spring-boot-2.6.6.jar!/:2.6.6]
	at java.util.ArrayList.forEach(Unknown Source) ~[na:1.8.0_341]
	at org.springframework.boot.SpringApplicationRunListeners.doWithListeners(SpringApplicationRunListeners.java:120) ~[spring-boot-2.6.6.jar!/:2.6.6]
	at org.springframework.boot.SpringApplicationRunListeners.doWithListeners(SpringApplicationRunListeners.java:114) ~[spring-boot-2.6.6.jar!/:2.6.6]
	at org.springframework.boot.SpringApplicationRunListeners.environmentPrepared(SpringApplicationRunListeners.java:65) ~[spring-boot-2.6.6.jar!/:2.6.6]
	at org.springframework.boot.SpringApplication.prepareEnvironment(SpringApplication.java:339) ~[spring-boot-2.6.6.jar!/:2.6.6]
	at org.springframework.boot.SpringApplication.run(SpringApplication.java:297) ~[spring-boot-2.6.6.jar!/:2.6.6]
	at org.springframework.boot.builder.SpringApplicationBuilder.run(SpringApplicationBuilder.java:164) ~[spring-boot-2.6.6.jar!/:2.6.6]
	at lavalink.server.Launcher.launchMain(Launcher.kt:157) ~[classes!/:na]
	at lavalink.server.Launcher.main(Launcher.kt:125) ~[classes!/:na]
	at sun.reflect.NativeMethodAccessorImpl.invoke0(Native Method) ~[na:1.8.0_341]
	at sun.reflect.NativeMethodAccessorImpl.invoke(Unknown Source) ~[na:1.8.0_341]
	at sun.reflect.DelegatingMethodAccessorImpl.invoke(Unknown Source) ~[na:1.8.0_341]
	at java.lang.reflect.Method.invoke(Unknown Source) ~[na:1.8.0_341]
	at org.springframework.boot.loader.MainMethodRunner.run(MainMethodRunner.java:49) ~[Lavalink.jar:na]
	at org.springframework.boot.loader.Launcher.launch(Launcher.java:108) ~[Lavalink.jar:na]
	at org.springframework.boot.loader.Launcher.launch(Launcher.java:58) ~[Lavalink.jar:na]
	at org.springframework.boot.loader.JarLauncher.main(JarLauncher.java:88) ~[Lavalink.jar:na]

2022-09-11 22:33:02.522 ERROR 12588 --- [main] o.s.boot.SpringApplication               : Application run failed

java.lang.UnsupportedClassVersionError: lavalink/server/info/AppInfo has been compiled by a more recent version of the Java Runtime (class file version 55.0), this version of the Java Runtime only recognizes class file versions up to 52.0
	at java.lang.ClassLoader.defineClass1(Native Method) ~[na:1.8.0_341]
	at java.lang.ClassLoader.defineClass(Unknown Source) ~[na:1.8.0_341]
	at java.security.SecureClassLoader.defineClass(Unknown Source) ~[na:1.8.0_341]
	at java.net.URLClassLoader.defineClass(Unknown Source) ~[na:1.8.0_341]
	at java.net.URLClassLoader.access$100(Unknown Source) ~[na:1.8.0_341]
	at java.net.URLClassLoader$1.run(Unknown Source) ~[na:1.8.0_341]
	at java.net.URLClassLoader$1.run(Unknown Source) ~[na:1.8.0_341]
	at java.security.AccessController.doPrivileged(Native Method) ~[na:1.8.0_341]
	at java.net.URLClassLoader.findClass(Unknown Source) ~[na:1.8.0_341]
	at java.lang.ClassLoader.loadClass(Unknown Source) ~[na:1.8.0_341]
	at org.springframework.boot.loader.LaunchedURLClassLoader.loadClass(LaunchedURLClassLoader.java:151) ~[Lavalink.jar:na]
	at java.lang.ClassLoader.loadClass(Unknown Source) ~[na:1.8.0_341]
	at lavalink.server.Launcher.getVersionInfo(Launcher.kt:63) [classes!/:na]
	at lavalink.server.Launcher.getVersionInfo$default(Launcher.kt:62) [classes!/:na]
	at lavalink.server.Launcher$launchMain$3.onApplicationEvent(Launcher.kt:149) ~[classes!/:na]
	at lavalink.server.Launcher$launchMain$3.onApplicationEvent(Launcher.kt:56) ~[classes!/:na]
	at org.springframework.context.event.SimpleApplicationEventMulticaster.doInvokeListener(SimpleApplicationEventMulticaster.java:176) ~[spring-context-5.3.18.jar!/:5.3.18]
	at org.springframework.context.event.SimpleApplicationEventMulticaster.invokeListener(SimpleApplicationEventMulticaster.java:169) ~[spring-context-5.3.18.jar!/:5.3.18]
	at org.springframework.context.event.SimpleApplicationEventMulticaster.multicastEvent(SimpleApplicationEventMulticaster.java:143) ~[spring-context-5.3.18.jar!/:5.3.18]
	at org.springframework.context.event.SimpleApplicationEventMulticaster.multicastEvent(SimpleApplicationEventMulticaster.java:131) ~[spring-context-5.3.18.jar!/:5.3.18]
	at org.springframework.boot.context.event.EventPublishingRunListener.environmentPrepared(EventPublishingRunListener.java:85) ~[spring-boot-2.6.6.jar!/:2.6.6]
	at org.springframework.boot.SpringApplicationRunListeners.lambda$environmentPrepared$2(SpringApplicationRunListeners.java:66) ~[spring-boot-2.6.6.jar!/:2.6.6]
	at java.util.ArrayList.forEach(Unknown Source) ~[na:1.8.0_341]
	at org.springframework.boot.SpringApplicationRunListeners.doWithListeners(SpringApplicationRunListeners.java:120) ~[spring-boot-2.6.6.jar!/:2.6.6]
	at org.springframework.boot.SpringApplicationRunListeners.doWithListeners(SpringApplicationRunListeners.java:114) ~[spring-boot-2.6.6.jar!/:2.6.6]
	at org.springframework.boot.SpringApplicationRunListeners.environmentPrepared(SpringApplicationRunListeners.java:65) ~[spring-boot-2.6.6.jar!/:2.6.6]
	at org.springframework.boot.SpringApplication.prepareEnvironment(SpringApplication.java:339) ~[spring-boot-2.6.6.jar!/:2.6.6]
	at org.springframework.boot.SpringApplication.run(SpringApplication.java:297) ~[spring-boot-2.6.6.jar!/:2.6.6]
	at org.springframework.boot.builder.SpringApplicationBuilder.run(SpringApplicationBuilder.java:164) [spring-boot-2.6.6.jar!/:2.6.6]
	at lavalink.server.Launcher.launchMain(Launcher.kt:157) [classes!/:na]
	at lavalink.server.Launcher.main(Launcher.kt:125) [classes!/:na]
	at sun.reflect.NativeMethodAccessorImpl.invoke0(Native Method) ~[na:1.8.0_341]
	at sun.reflect.NativeMethodAccessorImpl.invoke(Unknown Source) ~[na:1.8.0_341]
	at sun.reflect.DelegatingMethodAccessorImpl.invoke(Unknown Source) ~[na:1.8.0_341]
	at java.lang.reflect.Method.invoke(Unknown Source) ~[na:1.8.0_341]
	at org.springframework.boot.loader.MainMethodRunner.run(MainMethodRunner.java:49) [Lavalink.jar:na]
	at org.springframework.boot.loader.Launcher.launch(Launcher.java:108) [Lavalink.jar:na]
	at org.springframework.boot.loader.Launcher.launch(Launcher.java:58) [Lavalink.jar:na]
	at org.springframework.boot.loader.JarLauncher.main(JarLauncher.java:88) [Lavalink.jar:na]

2022-09-11 22:33:42.535  INFO 6456 --- [main] lavalink.server.Launcher                 : Starting Launcher using Java 1.8.0_341 on DESKTOP-Keminkium with PID 6456 (C:\Users\Karsten Keemink\Desktop\DiscordBot\DiscordBot\Lavalink.jar started by Karsten Keemink in C:\Users\Karsten Keemink\Desktop\DiscordBot\DiscordBot)
2022-09-11 22:33:42.538  INFO 6456 --- [main] lavalink.server.Launcher                 : No active profile set, falling back to 1 default profile: "default"
2022-09-11 22:33:43.145  INFO 6456 --- [main] lavalink.server.Launcher                 : Started Launcher in 0.904 seconds (JVM running for 1.21)
2022-09-11 22:33:43.147  INFO 6456 --- [main] lavalink.server.Launcher                 : You can safely ignore the big red warning about illegal reflection. See https://github.com/freyacodes/Lavalink/issues/295
2022-09-11 22:33:43.170 ERROR 6456 --- [main] lavalink.server.Launcher                 : Application failed

java.lang.UnsupportedClassVersionError: lavalink/server/info/AppInfo has been compiled by a more recent version of the Java Runtime (class file version 55.0), this version of the Java Runtime only recognizes class file versions up to 52.0
	at java.lang.ClassLoader.defineClass1(Native Method) ~[na:1.8.0_341]
	at java.lang.ClassLoader.defineClass(Unknown Source) ~[na:1.8.0_341]
	at java.security.SecureClassLoader.defineClass(Unknown Source) ~[na:1.8.0_341]
	at java.net.URLClassLoader.defineClass(Unknown Source) ~[na:1.8.0_341]
	at java.net.URLClassLoader.access$100(Unknown Source) ~[na:1.8.0_341]
	at java.net.URLClassLoader$1.run(Unknown Source) ~[na:1.8.0_341]
	at java.net.URLClassLoader$1.run(Unknown Source) ~[na:1.8.0_341]
	at java.security.AccessController.doPrivileged(Native Method) ~[na:1.8.0_341]
	at java.net.URLClassLoader.findClass(Unknown Source) ~[na:1.8.0_341]
	at java.lang.ClassLoader.loadClass(Unknown Source) ~[na:1.8.0_341]
	at org.springframework.boot.loader.LaunchedURLClassLoader.loadClass(LaunchedURLClassLoader.java:151) ~[Lavalink.jar:na]
	at java.lang.ClassLoader.loadClass(Unknown Source) ~[na:1.8.0_341]
	at lavalink.server.Launcher.getVersionInfo(Launcher.kt:63) ~[classes!/:na]
	at lavalink.server.Launcher.getVersionInfo$default(Launcher.kt:62) ~[classes!/:na]
	at lavalink.server.Launcher$launchMain$3.onApplicationEvent(Launcher.kt:149) ~[classes!/:na]
	at lavalink.server.Launcher$launchMain$3.onApplicationEvent(Launcher.kt:56) ~[classes!/:na]
	at org.springframework.context.event.SimpleApplicationEventMulticaster.doInvokeListener(SimpleApplicationEventMulticaster.java:176) ~[spring-context-5.3.18.jar!/:5.3.18]
	at org.springframework.context.event.SimpleApplicationEventMulticaster.invokeListener(SimpleApplicationEventMulticaster.java:169) ~[spring-context-5.3.18.jar!/:5.3.18]
	at org.springframework.context.event.SimpleApplicationEventMulticaster.multicastEvent(SimpleApplicationEventMulticaster.java:143) ~[spring-context-5.3.18.jar!/:5.3.18]
	at org.springframework.context.event.SimpleApplicationEventMulticaster.multicastEvent(SimpleApplicationEventMulticaster.java:131) ~[spring-context-5.3.18.jar!/:5.3.18]
	at org.springframework.boot.context.event.EventPublishingRunListener.environmentPrepared(EventPublishingRunListener.java:85) ~[spring-boot-2.6.6.jar!/:2.6.6]
	at org.springframework.boot.SpringApplicationRunListeners.lambda$environmentPrepared$2(SpringApplicationRunListeners.java:66) ~[spring-boot-2.6.6.jar!/:2.6.6]
	at java.util.ArrayList.forEach(Unknown Source) ~[na:1.8.0_341]
	at org.springframework.boot.SpringApplicationRunListeners.doWithListeners(SpringApplicationRunListeners.java:120) ~[spring-boot-2.6.6.jar!/:2.6.6]
	at org.springframework.boot.SpringApplicationRunListeners.doWithListeners(SpringApplicationRunListeners.java:114) ~[spring-boot-2.6.6.jar!/:2.6.6]
	at org.springframework.boot.SpringApplicationRunListeners.environmentPrepared(SpringApplicationRunListeners.java:65) ~[spring-boot-2.6.6.jar!/:2.6.6]
	at org.springframework.boot.SpringApplication.prepareEnvironment(SpringApplication.java:339) ~[spring-boot-2.6.6.jar!/:2.6.6]
	at org.springframework.boot.SpringApplication.run(SpringApplication.java:297) ~[spring-boot-2.6.6.jar!/:2.6.6]
	at org.springframework.boot.builder.SpringApplicationBuilder.run(SpringApplicationBuilder.java:164) ~[spring-boot-2.6.6.jar!/:2.6.6]
	at lavalink.server.Launcher.launchMain(Launcher.kt:157) ~[classes!/:na]
	at lavalink.server.Launcher.main(Launcher.kt:125) ~[classes!/:na]
	at sun.reflect.NativeMethodAccessorImpl.invoke0(Native Method) ~[na:1.8.0_341]
	at sun.reflect.NativeMethodAccessorImpl.invoke(Unknown Source) ~[na:1.8.0_341]
	at sun.reflect.DelegatingMethodAccessorImpl.invoke(Unknown Source) ~[na:1.8.0_341]
	at java.lang.reflect.Method.invoke(Unknown Source) ~[na:1.8.0_341]
	at org.springframework.boot.loader.MainMethodRunner.run(MainMethodRunner.java:49) ~[Lavalink.jar:na]
	at org.springframework.boot.loader.Launcher.launch(Launcher.java:108) ~[Lavalink.jar:na]
	at org.springframework.boot.loader.Launcher.launch(Launcher.java:58) ~[Lavalink.jar:na]
	at org.springframework.boot.loader.JarLauncher.main(JarLauncher.java:88) ~[Lavalink.jar:na]

2022-09-11 22:33:43.182 ERROR 6456 --- [main] o.s.boot.SpringApplication               : Application run failed

java.lang.UnsupportedClassVersionError: lavalink/server/info/AppInfo has been compiled by a more recent version of the Java Runtime (class file version 55.0), this version of the Java Runtime only recognizes class file versions up to 52.0
	at java.lang.ClassLoader.defineClass1(Native Method) ~[na:1.8.0_341]
	at java.lang.ClassLoader.defineClass(Unknown Source) ~[na:1.8.0_341]
	at java.security.SecureClassLoader.defineClass(Unknown Source) ~[na:1.8.0_341]
	at java.net.URLClassLoader.defineClass(Unknown Source) ~[na:1.8.0_341]
	at java.net.URLClassLoader.access$100(Unknown Source) ~[na:1.8.0_341]
	at java.net.URLClassLoader$1.run(Unknown Source) ~[na:1.8.0_341]
	at java.net.URLClassLoader$1.run(Unknown Source) ~[na:1.8.0_341]
	at java.security.AccessController.doPrivileged(Native Method) ~[na:1.8.0_341]
	at java.net.URLClassLoader.findClass(Unknown Source) ~[na:1.8.0_341]
	at java.lang.ClassLoader.loadClass(Unknown Source) ~[na:1.8.0_341]
	at org.springframework.boot.loader.LaunchedURLClassLoader.loadClass(LaunchedURLClassLoader.java:151) ~[Lavalink.jar:na]
	at java.lang.ClassLoader.loadClass(Unknown Source) ~[na:1.8.0_341]
	at lavalink.server.Launcher.getVersionInfo(Launcher.kt:63) [classes!/:na]
	at lavalink.server.Launcher.getVersionInfo$default(Launcher.kt:62) [classes!/:na]
	at lavalink.server.Launcher$launchMain$3.onApplicationEvent(Launcher.kt:149) ~[classes!/:na]
	at lavalink.server.Launcher$launchMain$3.onApplicationEvent(Launcher.kt:56) ~[classes!/:na]
	at org.springframework.context.event.SimpleApplicationEventMulticaster.doInvokeListener(SimpleApplicationEventMulticaster.java:176) ~[spring-context-5.3.18.jar!/:5.3.18]
	at org.springframework.context.event.SimpleApplicationEventMulticaster.invokeListener(SimpleApplicationEventMulticaster.java:169) ~[spring-context-5.3.18.jar!/:5.3.18]
	at org.springframework.context.event.SimpleApplicationEventMulticaster.multicastEvent(SimpleApplicationEventMulticaster.java:143) ~[spring-context-5.3.18.jar!/:5.3.18]
	at org.springframework.context.event.SimpleApplicationEventMulticaster.multicastEvent(SimpleApplicationEventMulticaster.java:131) ~[spring-context-5.3.18.jar!/:5.3.18]
	at org.springframework.boot.context.event.EventPublishingRunListener.environmentPrepared(EventPublishingRunListener.java:85) ~[spring-boot-2.6.6.jar!/:2.6.6]
	at org.springframework.boot.SpringApplicationRunListeners.lambda$environmentPrepared$2(SpringApplicationRunListeners.java:66) ~[spring-boot-2.6.6.jar!/:2.6.6]
	at java.util.ArrayList.forEach(Unknown Source) ~[na:1.8.0_341]
	at org.springframework.boot.SpringApplicationRunListeners.doWithListeners(SpringApplicationRunListeners.java:120) ~[spring-boot-2.6.6.jar!/:2.6.6]
	at org.springframework.boot.SpringApplicationRunListeners.doWithListeners(SpringApplicationRunListeners.java:114) ~[spring-boot-2.6.6.jar!/:2.6.6]
	at org.springframework.boot.SpringApplicationRunListeners.environmentPrepared(SpringApplicationRunListeners.java:65) ~[spring-boot-2.6.6.jar!/:2.6.6]
	at org.springframework.boot.SpringApplication.prepareEnvironment(SpringApplication.java:339) ~[spring-boot-2.6.6.jar!/:2.6.6]
	at org.springframework.boot.SpringApplication.run(SpringApplication.java:297) ~[spring-boot-2.6.6.jar!/:2.6.6]
	at org.springframework.boot.builder.SpringApplicationBuilder.run(SpringApplicationBuilder.java:164) [spring-boot-2.6.6.jar!/:2.6.6]
	at lavalink.server.Launcher.launchMain(Launcher.kt:157) [classes!/:na]
	at lavalink.server.Launcher.main(Launcher.kt:125) [classes!/:na]
	at sun.reflect.NativeMethodAccessorImpl.invoke0(Native Method) ~[na:1.8.0_341]
	at sun.reflect.NativeMethodAccessorImpl.invoke(Unknown Source) ~[na:1.8.0_341]
	at sun.reflect.DelegatingMethodAccessorImpl.invoke(Unknown Source) ~[na:1.8.0_341]
	at java.lang.reflect.Method.invoke(Unknown Source) ~[na:1.8.0_341]
	at org.springframework.boot.loader.MainMethodRunner.run(MainMethodRunner.java:49) [Lavalink.jar:na]
	at org.springframework.boot.loader.Launcher.launch(Launcher.java:108) [Lavalink.jar:na]
	at org.springframework.boot.loader.Launcher.launch(Launcher.java:58) [Lavalink.jar:na]
	at org.springframework.boot.loader.JarLauncher.main(JarLauncher.java:88) [Lavalink.jar:na]

2022-09-11 22:33:57.355  INFO 20528 --- [main] lavalink.server.Launcher                 : Starting Launcher using Java 1.8.0_341 on DESKTOP-Keminkium with PID 20528 (C:\Users\Karsten Keemink\Desktop\DiscordBot\DiscordBot\Lavalink.jar started by Karsten Keemink in C:\Users\Karsten Keemink\Desktop\DiscordBot\DiscordBot)
2022-09-11 22:33:57.358  INFO 20528 --- [main] lavalink.server.Launcher                 : No active profile set, falling back to 1 default profile: "default"
2022-09-11 22:33:57.974  INFO 20528 --- [main] lavalink.server.Launcher                 : Started Launcher in 0.913 seconds (JVM running for 1.223)
2022-09-11 22:33:57.976  INFO 20528 --- [main] lavalink.server.Launcher                 : You can safely ignore the big red warning about illegal reflection. See https://github.com/freyacodes/Lavalink/issues/295
2022-09-11 22:33:58.000 ERROR 20528 --- [main] lavalink.server.Launcher                 : Application failed

java.lang.UnsupportedClassVersionError: lavalink/server/info/AppInfo has been compiled by a more recent version of the Java Runtime (class file version 55.0), this version of the Java Runtime only recognizes class file versions up to 52.0
	at java.lang.ClassLoader.defineClass1(Native Method) ~[na:1.8.0_341]
	at java.lang.ClassLoader.defineClass(Unknown Source) ~[na:1.8.0_341]
	at java.security.SecureClassLoader.defineClass(Unknown Source) ~[na:1.8.0_341]
	at java.net.URLClassLoader.defineClass(Unknown Source) ~[na:1.8.0_341]
	at java.net.URLClassLoader.access$100(Unknown Source) ~[na:1.8.0_341]
	at java.net.URLClassLoader$1.run(Unknown Source) ~[na:1.8.0_341]
	at java.net.URLClassLoader$1.run(Unknown Source) ~[na:1.8.0_341]
	at java.security.AccessController.doPrivileged(Native Method) ~[na:1.8.0_341]
	at java.net.URLClassLoader.findClass(Unknown Source) ~[na:1.8.0_341]
	at java.lang.ClassLoader.loadClass(Unknown Source) ~[na:1.8.0_341]
	at org.springframework.boot.loader.LaunchedURLClassLoader.loadClass(LaunchedURLClassLoader.java:151) ~[Lavalink.jar:na]
	at java.lang.ClassLoader.loadClass(Unknown Source) ~[na:1.8.0_341]
	at lavalink.server.Launcher.getVersionInfo(Launcher.kt:63) ~[classes!/:na]
	at lavalink.server.Launcher.getVersionInfo$default(Launcher.kt:62) ~[classes!/:na]
	at lavalink.server.Launcher$launchMain$3.onApplicationEvent(Launcher.kt:149) ~[classes!/:na]
	at lavalink.server.Launcher$launchMain$3.onApplicationEvent(Launcher.kt:56) ~[classes!/:na]
	at org.springframework.context.event.SimpleApplicationEventMulticaster.doInvokeListener(SimpleApplicationEventMulticaster.java:176) ~[spring-context-5.3.18.jar!/:5.3.18]
	at org.springframework.context.event.SimpleApplicationEventMulticaster.invokeListener(SimpleApplicationEventMulticaster.java:169) ~[spring-context-5.3.18.jar!/:5.3.18]
	at org.springframework.context.event.SimpleApplicationEventMulticaster.multicastEvent(SimpleApplicationEventMulticaster.java:143) ~[spring-context-5.3.18.jar!/:5.3.18]
	at org.springframework.context.event.SimpleApplicationEventMulticaster.multicastEvent(SimpleApplicationEventMulticaster.java:131) ~[spring-context-5.3.18.jar!/:5.3.18]
	at org.springframework.boot.context.event.EventPublishingRunListener.environmentPrepared(EventPublishingRunListener.java:85) ~[spring-boot-2.6.6.jar!/:2.6.6]
	at org.springframework.boot.SpringApplicationRunListeners.lambda$environmentPrepared$2(SpringApplicationRunListeners.java:66) ~[spring-boot-2.6.6.jar!/:2.6.6]
	at java.util.ArrayList.forEach(Unknown Source) ~[na:1.8.0_341]
	at org.springframework.boot.SpringApplicationRunListeners.doWithListeners(SpringApplicationRunListeners.java:120) ~[spring-boot-2.6.6.jar!/:2.6.6]
	at org.springframework.boot.SpringApplicationRunListeners.doWithListeners(SpringApplicationRunListeners.java:114) ~[spring-boot-2.6.6.jar!/:2.6.6]
	at org.springframework.boot.SpringApplicationRunListeners.environmentPrepared(SpringApplicationRunListeners.java:65) ~[spring-boot-2.6.6.jar!/:2.6.6]
	at org.springframework.boot.SpringApplication.prepareEnvironment(SpringApplication.java:339) ~[spring-boot-2.6.6.jar!/:2.6.6]
	at org.springframework.boot.SpringApplication.run(SpringApplication.java:297) ~[spring-boot-2.6.6.jar!/:2.6.6]
	at org.springframework.boot.builder.SpringApplicationBuilder.run(SpringApplicationBuilder.java:164) ~[spring-boot-2.6.6.jar!/:2.6.6]
	at lavalink.server.Launcher.launchMain(Launcher.kt:157) ~[classes!/:na]
	at lavalink.server.Launcher.main(Launcher.kt:125) ~[classes!/:na]
	at sun.reflect.NativeMethodAccessorImpl.invoke0(Native Method) ~[na:1.8.0_341]
	at sun.reflect.NativeMethodAccessorImpl.invoke(Unknown Source) ~[na:1.8.0_341]
	at sun.reflect.DelegatingMethodAccessorImpl.invoke(Unknown Source) ~[na:1.8.0_341]
	at java.lang.reflect.Method.invoke(Unknown Source) ~[na:1.8.0_341]
	at org.springframework.boot.loader.MainMethodRunner.run(MainMethodRunner.java:49) ~[Lavalink.jar:na]
	at org.springframework.boot.loader.Launcher.launch(Launcher.java:108) ~[Lavalink.jar:na]
	at org.springframework.boot.loader.Launcher.launch(Launcher.java:58) ~[Lavalink.jar:na]
	at org.springframework.boot.loader.JarLauncher.main(JarLauncher.java:88) ~[Lavalink.jar:na]

2022-09-11 22:33:58.012 ERROR 20528 --- [main] o.s.boot.SpringApplication               : Application run failed

java.lang.UnsupportedClassVersionError: lavalink/server/info/AppInfo has been compiled by a more recent version of the Java Runtime (class file version 55.0), this version of the Java Runtime only recognizes class file versions up to 52.0
	at java.lang.ClassLoader.defineClass1(Native Method) ~[na:1.8.0_341]
	at java.lang.ClassLoader.defineClass(Unknown Source) ~[na:1.8.0_341]
	at java.security.SecureClassLoader.defineClass(Unknown Source) ~[na:1.8.0_341]
	at java.net.URLClassLoader.defineClass(Unknown Source) ~[na:1.8.0_341]
	at java.net.URLClassLoader.access$100(Unknown Source) ~[na:1.8.0_341]
	at java.net.URLClassLoader$1.run(Unknown Source) ~[na:1.8.0_341]
	at java.net.URLClassLoader$1.run(Unknown Source) ~[na:1.8.0_341]
	at java.security.AccessController.doPrivileged(Native Method) ~[na:1.8.0_341]
	at java.net.URLClassLoader.findClass(Unknown Source) ~[na:1.8.0_341]
	at java.lang.ClassLoader.loadClass(Unknown Source) ~[na:1.8.0_341]
	at org.springframework.boot.loader.LaunchedURLClassLoader.loadClass(LaunchedURLClassLoader.java:151) ~[Lavalink.jar:na]
	at java.lang.ClassLoader.loadClass(Unknown Source) ~[na:1.8.0_341]
	at lavalink.server.Launcher.getVersionInfo(Launcher.kt:63) [classes!/:na]
	at lavalink.server.Launcher.getVersionInfo$default(Launcher.kt:62) [classes!/:na]
	at lavalink.server.Launcher$launchMain$3.onApplicationEvent(Launcher.kt:149) ~[classes!/:na]
	at lavalink.server.Launcher$launchMain$3.onApplicationEvent(Launcher.kt:56) ~[classes!/:na]
	at org.springframework.context.event.SimpleApplicationEventMulticaster.doInvokeListener(SimpleApplicationEventMulticaster.java:176) ~[spring-context-5.3.18.jar!/:5.3.18]
	at org.springframework.context.event.SimpleApplicationEventMulticaster.invokeListener(SimpleApplicationEventMulticaster.java:169) ~[spring-context-5.3.18.jar!/:5.3.18]
	at org.springframework.context.event.SimpleApplicationEventMulticaster.multicastEvent(SimpleApplicationEventMulticaster.java:143) ~[spring-context-5.3.18.jar!/:5.3.18]
	at org.springframework.context.event.SimpleApplicationEventMulticaster.multicastEvent(SimpleApplicationEventMulticaster.java:131) ~[spring-context-5.3.18.jar!/:5.3.18]
	at org.springframework.boot.context.event.EventPublishingRunListener.environmentPrepared(EventPublishingRunListener.java:85) ~[spring-boot-2.6.6.jar!/:2.6.6]
	at org.springframework.boot.SpringApplicationRunListeners.lambda$environmentPrepared$2(SpringApplicationRunListeners.java:66) ~[spring-boot-2.6.6.jar!/:2.6.6]
	at java.util.ArrayList.forEach(Unknown Source) ~[na:1.8.0_341]
	at org.springframework.boot.SpringApplicationRunListeners.doWithListeners(SpringApplicationRunListeners.java:120) ~[spring-boot-2.6.6.jar!/:2.6.6]
	at org.springframework.boot.SpringApplicationRunListeners.doWithListeners(SpringApplicationRunListeners.java:114) ~[spring-boot-2.6.6.jar!/:2.6.6]
	at org.springframework.boot.SpringApplicationRunListeners.environmentPrepared(SpringApplicationRunListeners.java:65) ~[spring-boot-2.6.6.jar!/:2.6.6]
	at org.springframework.boot.SpringApplication.prepareEnvironment(SpringApplication.java:339) ~[spring-boot-2.6.6.jar!/:2.6.6]
	at org.springframework.boot.SpringApplication.run(SpringApplication.java:297) ~[spring-boot-2.6.6.jar!/:2.6.6]
	at org.springframework.boot.builder.SpringApplicationBuilder.run(SpringApplicationBuilder.java:164) [spring-boot-2.6.6.jar!/:2.6.6]
	at lavalink.server.Launcher.launchMain(Launcher.kt:157) [classes!/:na]
	at lavalink.server.Launcher.main(Launcher.kt:125) [classes!/:na]
	at sun.reflect.NativeMethodAccessorImpl.invoke0(Native Method) ~[na:1.8.0_341]
	at sun.reflect.NativeMethodAccessorImpl.invoke(Unknown Source) ~[na:1.8.0_341]
	at sun.reflect.DelegatingMethodAccessorImpl.invoke(Unknown Source) ~[na:1.8.0_341]
	at java.lang.reflect.Method.invoke(Unknown Source) ~[na:1.8.0_341]
	at org.springframework.boot.loader.MainMethodRunner.run(MainMethodRunner.java:49) [Lavalink.jar:na]
	at org.springframework.boot.loader.Launcher.launch(Launcher.java:108) [Lavalink.jar:na]
	at org.springframework.boot.loader.Launcher.launch(Launcher.java:58) [Lavalink.jar:na]
	at org.springframework.boot.loader.JarLauncher.main(JarLauncher.java:88) [Lavalink.jar:na]


